# JRE version: OpenJDK Runtime Environment Temurin-17.0.6+10 (17.0.6+10) (build 17.0.6+10)
# Java VM: OpenJDK 64-Bit Server VM Temurin-17.0.6+10 (17.0.6+10, mixed mode, sharing, tiered, compressed oops, compressed class ptrs, g1 gc, windows-amd64)
GC Precious Log:
 CPUs: 4 total, 4 available
 Memory: 14251M
 Large Page Support: Disabled
 NUMA Support: Disabled
 Compressed Oops: Enabled (Zero based)
 Heap Region Size: 2M
 Heap Min Capacity: 8M
 Heap Initial Capacity: 224M
 Heap Max Capacity: 3564M
 Pre-touch: Disabled
 Parallel Workers: 4
 Concurrent Workers: 1
 Concurrent Refinement Workers: 4
 Periodic GC: Disabled
Heap:
 garbage-first heap   total 229376K, used 105174K [0x0000000721400000, 0x0000000800000000)
  region size 2048K, 26 young (53248K), 4 survivors (8192K)
 Metaspace       used 16762K, committed 17088K, reserved 1064960K
  class space    used 1894K, committed 2048K, reserved 1048576K
GC Heap History (14 events):
Event: 0.291 GC heap before
{Heap before GC invocations=0 (full 0):
 garbage-first heap   total 229376K, used 18432K [0x0000000721400000, 0x0000000800000000)
  region size 2048K, 6 young (12288K), 0 survivors (0K)
 Metaspace       used 1310K, committed 1472K, reserved 1056768K
  class space    used 100K, committed 192K, reserved 1048576K
}
Event: 0.294 GC heap after
{Heap after GC invocations=1 (full 0):
 garbage-first heap   total 229376K, used 9283K [0x0000000721400000, 0x0000000800000000)
  region size 2048K, 1 young (2048K), 1 survivors (2048K)
 Metaspace       used 1310K, committed 1472K, reserved 1056768K
  class space    used 100K, committed 192K, reserved 1048576K
}
Event: 0.836 GC heap before
{Heap before GC invocations=1 (full 0):
 garbage-first heap   total 229376K, used 17475K [0x0000000721400000, 0x0000000800000000)
  region size 2048K, 5 young (10240K), 1 survivors (2048K)
 Metaspace       used 2709K, committed 2816K, reserved 1056768K
  class space    used 260K, committed 320K, reserved 1048576K
}
Event: 0.839 GC heap after
{Heap after GC invocations=2 (full 0):
 garbage-first heap   total 229376K, used 14544K [0x0000000721400000, 0x0000000800000000)
  region size 2048K, 1 young (2048K), 1 survivors (2048K)
 Metaspace       used 2709K, committed 2816K, reserved 1056768K
  class space    used 260K, committed 320K, reserved 1048576K
}
Event: 1.336 GC heap before
{Heap before GC invocations=2 (full 0):
 garbage-first heap   total 229376K, used 39120K [0x0000000721400000, 0x0000000800000000)
  region size 2048K, 10 young (20480K), 1 survivors (2048K)
 Metaspace       used 4791K, committed 4928K, reserved 1056768K
  class space    used 458K, committed 512K, reserved 1048576K
}
Event: 1.342 GC heap after
{Heap after GC invocations=3 (full 0):
 garbage-first heap   total 229376K, used 28733K [0x0000000721400000, 0x0000000800000000)
  region size 2048K, 2 young (4096K), 2 survivors (4096K)
 Metaspace       used 4791K, committed 4928K, reserved 1056768K
  class space    used 458K, committed 512K, reserved 1048576K
}
Event: 1.711 GC heap before
{Heap before GC invocations=3 (full 0):
 garbage-first heap   total 229376K, used 81981K [0x0000000721400000, 0x0000000800000000)
  region size 2048K, 19 young (38912K), 2 survivors (4096K)
 Metaspace       used 4888K, committed 5056K, reserved 1056768K
  class space    used 467K, committed 512K, reserved 1048576K
}
Event: 1.716 GC heap after
{Heap after GC invocations=4 (full 0):
 garbage-first heap   total 229376K, used 27770K [0x0000000721400000, 0x0000000800000000)
  region size 2048K, 2 young (4096K), 2 survivors (4096K)
 Metaspace       used 4888K, committed 5056K, reserved 1056768K
  class space    used 467K, committed 512K, reserved 1048576K
}
Event: 3.295 GC heap before
{Heap before GC invocations=4 (full 0):
 garbage-first heap   total 229376K, used 183418K [0x0000000721400000, 0x0000000800000000)
  region size 2048K, 67 young (137216K), 2 survivors (4096K)
 Metaspace       used 5236K, committed 5440K, reserved 1056768K
  class space    used 485K, committed 640K, reserved 1048576K
}
Event: 3.310 GC heap after
{Heap after GC invocations=5 (full 0):
 garbage-first heap   total 229376K, used 52823K [0x0000000721400000, 0x0000000800000000)
  region size 2048K, 9 young (18432K), 9 survivors (18432K)
 Metaspace       used 5236K, committed 5440K, reserved 1056768K
  class space    used 485K, committed 640K, reserved 1048576K
}
Event: 3.425 GC heap before
{Heap before GC invocations=5 (full 0):
 garbage-first heap   total 229376K, used 147031K [0x0000000721400000, 0x0000000800000000)
  region size 2048K, 54 young (110592K), 9 survivors (18432K)
 Metaspace       used 5240K, committed 5504K, reserved 1056768K
  class space    used 485K, committed 640K, reserved 1048576K
}
Event: 3.435 GC heap after
{Heap after GC invocations=6 (full 0):
 garbage-first heap   total 229376K, used 60543K [0x0000000721400000, 0x0000000800000000)
  region size 2048K, 3 young (6144K), 3 survivors (6144K)
 Metaspace       used 5240K, committed 5504K, reserved 1056768K
  class space    used 485K, committed 640K, reserved 1048576K
}
Event: 4.870 GC heap before
{Heap before GC invocations=6 (full 0):
 garbage-first heap   total 229376K, used 156799K [0x0000000721400000, 0x0000000800000000)
  region size 2048K, 50 young (102400K), 3 survivors (6144K)
 Metaspace       used 9505K, committed 9792K, reserved 1064960K
  class space    used 1060K, committed 1216K, reserved 1048576K
}
Event: 4.877 GC heap after
{Heap after GC invocations=7 (full 0):
 garbage-first heap   total 229376K, used 62166K [0x0000000721400000, 0x0000000800000000)
  region size 2048K, 4 young (8192K), 4 survivors (8192K)
 Metaspace       used 9505K, committed 9792K, reserved 1064960K
  class space    used 1060K, committed 1216K, reserved 1048576K
}

