# JRE version: OpenJDK Runtime Environment Temurin-17.0.6+10 (17.0.6+10) (build 17.0.6+10)
# Java VM: OpenJDK 64-Bit Server VM Temurin-17.0.6+10 (17.0.6+10, mixed mode, sharing, tiered, compressed oops, compressed class ptrs, g1 gc, windows-amd64)
GC Precious Log:
 CPUs: 4 total, 4 available
 Memory: 14251M
 Large Page Support: Disabled
 NUMA Support: Disabled
 Compressed Oops: Enabled (Zero based)
 Heap Region Size: 2M
 Heap Min Capacity: 8M
 Heap Initial Capacity: 224M
 Heap Max Capacity: 3564M
 Pre-touch: Disabled
 Parallel Workers: 4
 Concurrent Workers: 1
 Concurrent Refinement Workers: 4
 Periodic GC: Disabled
Heap:
 garbage-first heap   total 292864K, used 101146K [0x0000000721400000, 0x0000000800000000)
  region size 2048K, 18 young (36864K), 4 survivors (8192K)
 Metaspace       used 16774K, committed 17088K, reserved 1064960K
  class space    used 1891K, committed 2048K, reserved 1048576K
GC Heap History (18 events):
Event: 0.312 GC heap before
{Heap before GC invocations=0 (full 0):
 garbage-first heap   total 229376K, used 18432K [0x0000000721400000, 0x0000000800000000)
  region size 2048K, 6 young (12288K), 0 survivors (0K)
 Metaspace       used 1309K, committed 1472K, reserved 1056768K
  class space    used 100K, committed 192K, reserved 1048576K
}
Event: 0.315 GC heap after
{Heap after GC invocations=1 (full 0):
 garbage-first heap   total 229376K, used 9418K [0x0000000721400000, 0x0000000800000000)
  region size 2048K, 1 young (2048K), 1 survivors (2048K)
 Metaspace       used 1309K, committed 1472K, reserved 1056768K
  class space    used 100K, committed 192K, reserved 1048576K
}
Event: 0.592 GC heap before
{Heap before GC invocations=1 (full 0):
 garbage-first heap   total 229376K, used 17610K [0x0000000721400000, 0x0000000800000000)
  region size 2048K, 5 young (10240K), 1 survivors (2048K)
 Metaspace       used 2705K, committed 2816K, reserved 1056768K
  class space    used 260K, committed 320K, reserved 1048576K
}
Event: 0.595 GC heap after
{Heap after GC invocations=2 (full 0):
 garbage-first heap   total 229376K, used 15045K [0x0000000721400000, 0x0000000800000000)
  region size 2048K, 1 young (2048K), 1 survivors (2048K)
 Metaspace       used 2705K, committed 2816K, reserved 1056768K
  class space    used 260K, committed 320K, reserved 1048576K
}
Event: 0.873 GC heap before
{Heap before GC invocations=2 (full 0):
 garbage-first heap   total 229376K, used 37573K [0x0000000721400000, 0x0000000800000000)
  region size 2048K, 10 young (20480K), 1 survivors (2048K)
 Metaspace       used 4799K, committed 4928K, reserved 1056768K
  class space    used 458K, committed 512K, reserved 1048576K
}
Event: 0.880 GC heap after
{Heap after GC invocations=3 (full 0):
 garbage-first heap   total 229376K, used 29478K [0x0000000721400000, 0x0000000800000000)
  region size 2048K, 2 young (4096K), 2 survivors (4096K)
 Metaspace       used 4799K, committed 4928K, reserved 1056768K
  class space    used 458K, committed 512K, reserved 1048576K
}
Event: 1.072 GC heap before
{Heap before GC invocations=3 (full 0):
 garbage-first heap   total 229376K, used 76582K [0x0000000721400000, 0x0000000800000000)
  region size 2048K, 18 young (36864K), 2 survivors (4096K)
 Metaspace       used 4891K, committed 5056K, reserved 1056768K
  class space    used 467K, committed 512K, reserved 1048576K
}
Event: 1.082 GC heap after
{Heap after GC invocations=4 (full 0):
 garbage-first heap   total 229376K, used 35407K [0x0000000721400000, 0x0000000800000000)
  region size 2048K, 3 young (6144K), 3 survivors (6144K)
 Metaspace       used 4891K, committed 5056K, reserved 1056768K
  class space    used 467K, committed 512K, reserved 1048576K
}
Event: 1.866 GC heap before
{Heap before GC invocations=4 (full 0):
 garbage-first heap   total 229376K, used 68175K [0x0000000721400000, 0x0000000800000000)
  region size 2048K, 18 young (36864K), 3 survivors (6144K)
 Metaspace       used 5160K, committed 5376K, reserved 1056768K
  class space    used 482K, committed 576K, reserved 1048576K
}
Event: 1.872 GC heap after
{Heap after GC invocations=5 (full 0):
 garbage-first heap   total 229376K, used 43984K [0x0000000721400000, 0x0000000800000000)
  region size 2048K, 3 young (6144K), 3 survivors (6144K)
 Metaspace       used 5160K, committed 5376K, reserved 1056768K
  class space    used 482K, committed 576K, reserved 1048576K
}
Event: 2.624 GC heap before
{Heap before GC invocations=5 (full 0):
 garbage-first heap   total 229376K, used 84944K [0x0000000721400000, 0x0000000800000000)
  region size 2048K, 23 young (47104K), 3 survivors (6144K)
 Metaspace       used 5218K, committed 5440K, reserved 1056768K
  class space    used 483K, committed 576K, reserved 1048576K
}
Event: 2.629 GC heap after
{Heap after GC invocations=6 (full 0):
 garbage-first heap   total 229376K, used 48007K [0x0000000721400000, 0x0000000800000000)
  region size 2048K, 2 young (4096K), 2 survivors (4096K)
 Metaspace       used 5218K, committed 5440K, reserved 1056768K
  class space    used 483K, committed 576K, reserved 1048576K
}
Event: 3.095 GC heap before
{Heap before GC invocations=6 (full 0):
 garbage-first heap   total 229376K, used 179079K [0x0000000721400000, 0x0000000800000000)
  region size 2048K, 55 young (112640K), 2 survivors (4096K)
 Metaspace       used 5241K, committed 5504K, reserved 1056768K
  class space    used 483K, committed 576K, reserved 1048576K
}
Event: 3.107 GC heap after
{Heap after GC invocations=7 (full 0):
 garbage-first heap   total 229376K, used 64724K [0x0000000721400000, 0x0000000800000000)
  region size 2048K, 7 young (14336K), 7 survivors (14336K)
 Metaspace       used 5241K, committed 5504K, reserved 1056768K
  class space    used 483K, committed 576K, reserved 1048576K
}
Event: 3.420 GC heap before
{Heap before GC invocations=7 (full 0):
 garbage-first heap   total 229376K, used 146644K [0x0000000721400000, 0x0000000800000000)
  region size 2048K, 46 young (94208K), 7 survivors (14336K)
 Metaspace       used 5256K, committed 5504K, reserved 1056768K
  class space    used 483K, committed 576K, reserved 1048576K
}
Event: 3.428 GC heap after
{Heap after GC invocations=8 (full 0):
 garbage-first heap   total 229376K, used 73015K [0x0000000721400000, 0x0000000800000000)
  region size 2048K, 4 young (8192K), 4 survivors (8192K)
 Metaspace       used 5256K, committed 5504K, reserved 1056768K
  class space    used 483K, committed 576K, reserved 1048576K
}
Event: 5.200 GC heap before
{Heap before GC invocations=8 (full 0):
 garbage-first heap   total 229376K, used 152887K [0x0000000721400000, 0x0000000800000000)
  region size 2048K, 43 young (88064K), 4 survivors (8192K)
 Metaspace       used 12328K, committed 12608K, reserved 1064960K
  class space    used 1373K, committed 1536K, reserved 1048576K
}
Event: 5.206 GC heap after
{Heap after GC invocations=9 (full 0):
 garbage-first heap   total 292864K, used 74522K [0x0000000721400000, 0x0000000800000000)
  region size 2048K, 4 young (8192K), 4 survivors (8192K)
 Metaspace       used 12328K, committed 12608K, reserved 1064960K
  class space    used 1373K, committed 1536K, reserved 1048576K
}

